<?xml version="1.0" encoding="UTF-8"?>
<coverage generated="1773287681621" clover="3.2.0">
  <project timestamp="1773287681621" name="All files">
    <metrics statements="260" coveredstatements="254" conditionals="131" coveredconditionals="116" methods="70" coveredmethods="68" elements="461" coveredelements="438" complexity="0" loc="260" ncloc="260" packages="3" files="7" classes="7"/>
    <package name="lib">
      <metrics statements="1" coveredstatements="1" conditionals="0" coveredconditionals="0" methods="0" coveredmethods="0"/>
      <file name="socket.js" path="/Users/byron/frontend/src/lib/socket.js">
        <metrics statements="1" coveredstatements="1" conditionals="0" coveredconditionals="0" methods="0" coveredmethods="0"/>
        <line num="4" count="2" type="stmt"/>
      </file>
    </package>
    <package name="pages.auth">
      <metrics statements="77" coveredstatements="74" conditionals="33" coveredconditionals="32" methods="11" coveredmethods="11"/>
      <file name="Auth.jsx" path="/Users/byron/frontend/src/pages/auth/Auth.jsx">
        <metrics statements="77" coveredstatements="74" conditionals="33" coveredconditionals="32" methods="11" coveredmethods="11"/>
        <line num="6" count="2" type="stmt"/>
        <line num="7" count="588" type="stmt"/>
        <line num="8" count="588" type="stmt"/>
        <line num="9" count="588" type="stmt"/>
        <line num="10" count="588" type="stmt"/>
        <line num="11" count="588" type="stmt"/>
        <line num="12" count="588" type="stmt"/>
        <line num="14" count="588" type="stmt"/>
        <line num="15" count="14" type="cond" truecount="5" falsecount="0"/>
        <line num="16" count="2" type="stmt"/>
        <line num="17" count="2" type="stmt"/>
        <line num="19" count="12" type="cond" truecount="2" falsecount="0"/>
        <line num="20" count="1" type="stmt"/>
        <line num="21" count="1" type="stmt"/>
        <line num="24" count="11" type="cond" truecount="2" falsecount="0"/>
        <line num="25" count="1" type="stmt"/>
        <line num="27" count="1" type="stmt"/>
        <line num="30" count="10" type="cond" truecount="2" falsecount="0"/>
        <line num="31" count="1" type="stmt"/>
        <line num="32" count="1" type="stmt"/>
        <line num="35" count="9" type="stmt"/>
        <line num="36" count="9" type="stmt"/>
        <line num="44" count="4" type="stmt"/>
        <line num="46" count="5" type="stmt"/>
        <line num="48" count="5" type="cond" truecount="2" falsecount="0"/>
        <line num="49" count="1" type="stmt"/>
        <line num="50" count="1" type="stmt"/>
        <line num="53" count="4" type="stmt"/>
        <line num="55" count="4" type="cond" truecount="2" falsecount="0"/>
        <line num="56" count="2" type="stmt"/>
        <line num="57" count="2" type="stmt"/>
        <line num="58" count="2" type="stmt"/>
        <line num="59" count="2" type="stmt"/>
        <line num="60" count="2" type="cond" truecount="2" falsecount="0"/>
        <line num="61" count="1" type="stmt"/>
        <line num="62" count="1" type="stmt"/>
        <line num="65" count="1" type="stmt"/>
        <line num="66" count="1" type="stmt"/>
        <line num="67" count="1" type="stmt"/>
        <line num="68" count="1" type="stmt"/>
        <line num="72" count="588" type="stmt"/>
        <line num="73" count="9" type="cond" truecount="4" falsecount="0"/>
        <line num="74" count="2" type="stmt"/>
        <line num="75" count="2" type="stmt"/>
        <line num="78" count="7" type="stmt"/>
        <line num="79" count="7" type="stmt"/>
        <line num="81" count="7" type="stmt"/>
        <line num="82" count="7" type="stmt"/>
        <line num="83" count="7" type="stmt"/>
        <line num="84" count="3" type="stmt"/>
        <line num="85" count="3" type="stmt"/>
        <line num="87" count="4" type="stmt"/>
        <line num="88" count="4" type="stmt"/>
        <line num="90" count="4" type="stmt"/>
        <line num="91" count="4" type="stmt"/>
        <line num="93" count="4" type="cond" truecount="4" falsecount="0"/>
        <line num="94" count="1" type="stmt"/>
        <line num="95" count="1" type="stmt"/>
        <line num="96" count="0" type="stmt"/>
        <line num="99" count="3" type="cond" truecount="1" falsecount="1"/>
        <line num="100" count="0" type="stmt"/>
        <line num="101" count="0" type="stmt"/>
        <line num="104" count="3" type="cond" truecount="2" falsecount="0"/>
        <line num="105" count="1" type="stmt"/>
        <line num="107" count="2" type="stmt"/>
        <line num="110" count="3" type="stmt"/>
        <line num="111" count="3" type="stmt"/>
        <line num="116" count="588" type="stmt"/>
        <line num="160" count="90" type="stmt"/>
        <line num="175" count="69" type="stmt"/>
        <line num="205" count="15" type="stmt"/>
        <line num="206" count="15" type="stmt"/>
        <line num="230" count="185" type="stmt"/>
        <line num="245" count="99" type="stmt"/>
        <line num="260" count="90" type="stmt"/>
        <line num="290" count="1" type="stmt"/>
        <line num="291" count="1" type="stmt"/>
      </file>
    </package>
    <package name="pages.chat">
      <metrics statements="182" coveredstatements="179" conditionals="98" coveredconditionals="84" methods="59" coveredmethods="57"/>
      <file name="Chat.jsx" path="/Users/byron/frontend/src/pages/chat/Chat.jsx">
        <metrics statements="63" coveredstatements="63" conditionals="17" coveredconditionals="15" methods="18" coveredmethods="18"/>
        <line num="11" count="4" type="stmt"/>
        <line num="12" count="112" type="stmt"/>
        <line num="13" count="112" type="stmt"/>
        <line num="14" count="112" type="stmt"/>
        <line num="15" count="112" type="stmt"/>
        <line num="16" count="112" type="stmt"/>
        <line num="18" count="112" type="stmt"/>
        <line num="19" count="34" type="stmt"/>
        <line num="20" count="34" type="stmt"/>
        <line num="21" count="34" type="stmt"/>
        <line num="22" count="33" type="stmt"/>
        <line num="25" count="1" type="stmt"/>
        <line num="29" count="34" type="stmt"/>
        <line num="32" count="112" type="stmt"/>
        <line num="33" count="69" type="cond" truecount="2" falsecount="0"/>
        <line num="34" count="34" type="stmt"/>
        <line num="37" count="35" type="stmt"/>
        <line num="41" count="35" type="stmt"/>
        <line num="43" count="35" type="stmt"/>
        <line num="44" count="1" type="stmt"/>
        <line num="45" count="1" type="stmt"/>
        <line num="48" count="35" type="stmt"/>
        <line num="49" count="1" type="stmt"/>
        <line num="52" count="35" type="stmt"/>
        <line num="53" count="1" type="cond" truecount="1" falsecount="1"/>
        <line num="54" count="1" type="stmt"/>
        <line num="58" count="35" type="stmt"/>
        <line num="59" count="35" type="stmt"/>
        <line num="60" count="35" type="stmt"/>
        <line num="62" count="35" type="stmt"/>
        <line num="64" count="35" type="stmt"/>
        <line num="65" count="35" type="stmt"/>
        <line num="66" count="35" type="stmt"/>
        <line num="67" count="35" type="stmt"/>
        <line num="68" count="35" type="stmt"/>
        <line num="72" count="112" type="stmt"/>
        <line num="73" count="3" type="stmt"/>
        <line num="79" count="112" type="stmt"/>
        <line num="80" count="4" type="stmt"/>
        <line num="81" count="4" type="stmt"/>
        <line num="82" count="2" type="stmt"/>
        <line num="85" count="2" type="stmt"/>
        <line num="86" count="2" type="stmt"/>
        <line num="90" count="112" type="cond" truecount="2" falsecount="0"/>
        <line num="91" count="34" type="stmt"/>
        <line num="96" count="78" type="cond" truecount="2" falsecount="0"/>
        <line num="97" count="44" type="stmt"/>
        <line num="99" count="7" type="stmt"/>
        <line num="101" count="10" type="stmt"/>
        <line num="102" count="10" type="stmt"/>
        <line num="104" count="10" type="stmt"/>
        <line num="109" count="34" type="cond" truecount="2" falsecount="0"/>
        <line num="110" count="7" type="stmt"/>
        <line num="112" count="2" type="stmt"/>
        <line num="114" count="4" type="stmt"/>
        <line num="115" count="4" type="stmt"/>
        <line num="121" count="27" type="cond" truecount="2" falsecount="0"/>
        <line num="122" count="14" type="stmt"/>
        <line num="126" count="5" type="stmt"/>
        <line num="131" count="13" type="cond" truecount="1" falsecount="1"/>
        <line num="132" count="13" type="stmt"/>
        <line num="135" count="2" type="stmt"/>
        <line num="142" count="78" type="stmt"/>
      </file>
      <file name="ChatList.jsx" path="/Users/byron/frontend/src/pages/chat/ChatList.jsx">
        <metrics statements="27" coveredstatements="25" conditionals="12" coveredconditionals="10" methods="12" coveredmethods="11"/>
        <line num="5" count="4" type="stmt"/>
        <line num="6" count="60" type="stmt"/>
        <line num="8" count="60" type="stmt"/>
        <line num="9" count="30" type="stmt"/>
        <line num="10" count="30" type="stmt"/>
        <line num="11" count="30" type="stmt"/>
        <line num="12" count="29" type="stmt"/>
        <line num="16" count="28" type="stmt"/>
        <line num="18" count="2" type="stmt"/>
        <line num="22" count="30" type="stmt"/>
        <line num="25" count="60" type="stmt"/>
        <line num="26" count="4" type="stmt"/>
        <line num="27" count="4" type="cond" truecount="2" falsecount="0"/>
        <line num="28" count="1" type="stmt"/>
        <line num="31" count="3" type="stmt"/>
        <line num="32" count="3" type="stmt"/>
        <line num="33" count="3" type="stmt"/>
        <line num="34" count="5" type="stmt"/>
        <line num="38" count="0" type="stmt"/>
        <line num="42" count="60" type="stmt"/>
        <line num="127" count="28" type="cond" truecount="4" falsecount="0"/>
        <line num="131" count="28" type="stmt"/>
        <line num="140" count="28" type="stmt"/>
        <line num="155" count="9" type="stmt"/>
        <line num="165" count="9" type="stmt"/>
        <line num="168" count="0" type="stmt"/>
        <line num="201" count="4" type="stmt"/>
      </file>
      <file name="ChatRoom.jsx" path="/Users/byron/frontend/src/pages/chat/ChatRoom.jsx">
        <metrics statements="42" coveredstatements="42" conditionals="30" coveredconditionals="27" methods="14" coveredmethods="14"/>
        <line num="6" count="4" type="stmt"/>
        <line num="7" count="1072" type="stmt"/>
        <line num="8" count="1072" type="stmt"/>
        <line num="9" count="1072" type="stmt"/>
        <line num="10" count="1072" type="stmt"/>
        <line num="12" count="1072" type="stmt"/>
        <line num="14" count="1072" type="stmt"/>
        <line num="15" count="28" type="stmt"/>
        <line num="16" count="28" type="stmt"/>
        <line num="17" count="28" type="stmt"/>
        <line num="22" count="27" type="stmt"/>
        <line num="29" count="27" type="stmt"/>
        <line num="31" count="1" type="stmt"/>
        <line num="35" count="28" type="stmt"/>
        <line num="38" count="1072" type="stmt"/>
        <line num="39" count="28" type="stmt"/>
        <line num="40" count="3" type="stmt"/>
        <line num="47" count="3" type="stmt"/>
        <line num="49" count="3" type="cond" truecount="4" falsecount="0"/>
        <line num="50" count="2" type="stmt"/>
        <line num="54" count="28" type="stmt"/>
        <line num="56" count="28" type="stmt"/>
        <line num="57" count="28" type="stmt"/>
        <line num="61" count="1072" type="stmt"/>
        <line num="62" count="54" type="cond" truecount="1" falsecount="1"/>
        <line num="63" count="54" type="stmt"/>
        <line num="67" count="1072" type="stmt"/>
        <line num="68" count="28" type="stmt"/>
        <line num="71" count="1072" type="stmt"/>
        <line num="72" count="5" type="cond" truecount="2" falsecount="0"/>
        <line num="73" count="1" type="stmt"/>
        <line num="76" count="4" type="stmt"/>
        <line num="78" count="4" type="cond" truecount="2" falsecount="0"/>
        <line num="79" count="1" type="stmt"/>
        <line num="80" count="1" type="stmt"/>
        <line num="83" count="3" type="stmt"/>
        <line num="90" count="3" type="stmt"/>
        <line num="93" count="1072" type="stmt"/>
        <line num="183" count="10" type="stmt"/>
        <line num="185" count="10" type="stmt"/>
        <line num="194" count="10" type="stmt"/>
        <line num="244" count="1014" type="stmt"/>
      </file>
      <file name="NewChat.jsx" path="/Users/byron/frontend/src/pages/chat/NewChat.jsx">
        <metrics statements="20" coveredstatements="19" conditionals="15" coveredconditionals="12" methods="8" coveredmethods="7"/>
        <line num="5" count="4" type="stmt"/>
        <line num="6" count="36" type="stmt"/>
        <line num="7" count="36" type="stmt"/>
        <line num="9" count="36" type="stmt"/>
        <line num="10" count="13" type="stmt"/>
        <line num="12" count="13" type="cond" truecount="2" falsecount="0"/>
        <line num="13" count="2" type="stmt"/>
        <line num="14" count="2" type="stmt"/>
        <line num="17" count="11" type="stmt"/>
        <line num="18" count="11" type="stmt"/>
        <line num="23" count="10" type="stmt"/>
        <line num="29" count="10" type="stmt"/>
        <line num="31" count="1" type="stmt"/>
        <line num="35" count="36" type="stmt"/>
        <line num="101" count="13" type="stmt"/>
        <line num="129" count="7" type="stmt"/>
        <line num="131" count="7" type="stmt"/>
        <line num="134" count="4" type="stmt"/>
        <line num="147" count="4" type="stmt"/>
        <line num="150" count="0" type="stmt"/>
      </file>
      <file name="Profile.jsx" path="/Users/byron/frontend/src/pages/chat/Profile.jsx">
        <metrics statements="30" coveredstatements="30" conditionals="24" coveredconditionals="20" methods="7" coveredmethods="7"/>
        <line num="5" count="4" type="stmt"/>
        <line num="6" count="108" type="stmt"/>
        <line num="7" count="108" type="stmt"/>
        <line num="8" count="108" type="stmt"/>
        <line num="9" count="108" type="stmt"/>
        <line num="11" count="108" type="stmt"/>
        <line num="12" count="18" type="cond" truecount="1" falsecount="1"/>
        <line num="13" count="18" type="cond" truecount="1" falsecount="1"/>
        <line num="16" count="108" type="stmt"/>
        <line num="17" count="7" type="cond" truecount="4" falsecount="0"/>
        <line num="18" count="1" type="stmt"/>
        <line num="19" count="1" type="stmt"/>
        <line num="22" count="6" type="stmt"/>
        <line num="23" count="6" type="stmt"/>
        <line num="28" count="4" type="stmt"/>
        <line num="29" count="4" type="stmt"/>
        <line num="32" count="2" type="stmt"/>
        <line num="33" count="2" type="stmt"/>
        <line num="35" count="2" type="cond" truecount="2" falsecount="0"/>
        <line num="36" count="1" type="stmt"/>
        <line num="38" count="1" type="stmt"/>
        <line num="43" count="108" type="cond" truecount="4" falsecount="0"/>
        <line num="47" count="108" type="stmt"/>
        <line num="155" count="31" type="stmt"/>
        <line num="168" count="24" type="stmt"/>
        <line num="204" count="1" type="cond" truecount="1" falsecount="1"/>
        <line num="205" count="1" type="cond" truecount="1" falsecount="1"/>
        <line num="206" count="1" type="stmt"/>
        <line num="207" count="1" type="stmt"/>
        <line num="232" count="11" type="stmt"/>
      </file>
    </package>
  </project>
</coverage>
