{"/Users/byron/frontend/src/lib/socket.js": {"path":"/Users/byron/frontend/src/lib/socket.js","statementMap":{"0":{"start":{"line":4,"column":15},"end":{"line":11,"column":2}}},"fnMap":{},"branchMap":{},"s":{"0":2},"f":{},"b":{},"_coverageSchema":"1a1c01bbd47fc00a2c39e90264f33305004495a9","hash":"4658585c5e438529f9eeb190c2e19c5637b22d5d"}
,"/Users/byron/frontend/src/pages/auth/Auth.jsx": {"path":"/Users/byron/frontend/src/pages/auth/Auth.jsx","statementMap":{"0":{"start":{"line":6,"column":13},"end":{"line":315,"column":1}},"1":{"start":{"line":7,"column":30},"end":{"line":7,"column":42}},"2":{"start":{"line":8,"column":36},"end":{"line":8,"column":48}},"3":{"start":{"line":9,"column":50},"end":{"line":9,"column":62}},"4":{"start":{"line":10,"column":34},"end":{"line":10,"column":46}},"5":{"start":{"line":11,"column":34},"end":{"line":11,"column":48}},"6":{"start":{"line":12,"column":21},"end":{"line":12,"column":34}},"7":{"start":{"line":14,"column":25},"end":{"line":70,"column":5}},"8":{"start":{"line":15,"column":8},"end":{"line":18,"column":9}},"9":{"start":{"line":16,"column":12},"end":{"line":16,"column":51}},"10":{"start":{"line":17,"column":12},"end":{"line":17,"column":19}},"11":{"start":{"line":19,"column":8},"end":{"line":22,"column":9}},"12":{"start":{"line":20,"column":12},"end":{"line":20,"column":62}},"13":{"start":{"line":21,"column":12},"end":{"line":21,"column":19}},"14":{"start":{"line":24,"column":8},"end":{"line":28,"column":9}},"15":{"start":{"line":25,"column":12},"end":{"line":25,"column":71}},"16":{"start":{"line":27,"column":12},"end":{"line":27,"column":19}},"17":{"start":{"line":30,"column":8},"end":{"line":33,"column":9}},"18":{"start":{"line":31,"column":12},"end":{"line":31,"column":50}},"19":{"start":{"line":32,"column":12},"end":{"line":32,"column":19}},"20":{"start":{"line":35,"column":8},"end":{"line":69,"column":9}},"21":{"start":{"line":36,"column":12},"end":{"line":42,"column":14}},"22":{"start":{"line":44,"column":12},"end":{"line":44,"column":30}},"23":{"start":{"line":46,"column":12},"end":{"line":46,"column":31}},"24":{"start":{"line":48,"column":12},"end":{"line":51,"column":13}},"25":{"start":{"line":49,"column":16},"end":{"line":49,"column":83}},"26":{"start":{"line":50,"column":16},"end":{"line":50,"column":23}},"27":{"start":{"line":53,"column":27},"end":{"line":53,"column":49}},"28":{"start":{"line":55,"column":12},"end":{"line":63,"column":13}},"29":{"start":{"line":56,"column":16},"end":{"line":56,"column":71}},"30":{"start":{"line":57,"column":16},"end":{"line":57,"column":32}},"31":{"start":{"line":58,"column":16},"end":{"line":58,"column":39}},"32":{"start":{"line":59,"column":16},"end":{"line":59,"column":23}},"33":{"start":{"line":60,"column":19},"end":{"line":63,"column":13}},"34":{"start":{"line":61,"column":16},"end":{"line":61,"column":54}},"35":{"start":{"line":62,"column":16},"end":{"line":62,"column":23}},"36":{"start":{"line":65,"column":12},"end":{"line":65,"column":58}},"37":{"start":{"line":66,"column":12},"end":{"line":66,"column":25}},"38":{"start":{"line":67,"column":12},"end":{"line":67,"column":28}},"39":{"start":{"line":68,"column":12},"end":{"line":68,"column":35}},"40":{"start":{"line":72,"column":24},"end":{"line":114,"column":5}},"41":{"start":{"line":73,"column":8},"end":{"line":76,"column":9}},"42":{"start":{"line":74,"column":12},"end":{"line":74,"column":51}},"43":{"start":{"line":75,"column":12},"end":{"line":75,"column":19}},"44":{"start":{"line":78,"column":22},"end":{"line":78,"column":23}},"45":{"start":{"line":79,"column":28},"end":{"line":79,"column":29}},"46":{"start":{"line":81,"column":8},"end":{"line":113,"column":9}},"47":{"start":{"line":82,"column":12},"end":{"line":112,"column":13}},"48":{"start":{"line":83,"column":16},"end":{"line":83,"column":77}},"49":{"start":{"line":84,"column":16},"end":{"line":84,"column":34}},"50":{"start":{"line":85,"column":16},"end":{"line":85,"column":23}},"51":{"start":{"line":87,"column":12},"end":{"line":87,"column":31}},"52":{"start":{"line":88,"column":12},"end":{"line":88,"column":25}},"53":{"start":{"line":90,"column":35},"end":{"line":90,"column":50}},"54":{"start":{"line":91,"column":41},"end":{"line":91,"column":62}},"55":{"start":{"line":93,"column":12},"end":{"line":97,"column":13}},"56":{"start":{"line":94,"column":16},"end":{"line":94,"column":66}},"57":{"start":{"line":95,"column":16},"end":{"line":95,"column":73}},"58":{"start":{"line":95,"column":47},"end":{"line":95,"column":71}},"59":{"start":{"line":96,"column":16},"end":{"line":96,"column":25}},"60":{"start":{"line":99,"column":12},"end":{"line":102,"column":13}},"61":{"start":{"line":100,"column":16},"end":{"line":100,"column":83}},"62":{"start":{"line":101,"column":16},"end":{"line":101,"column":23}},"63":{"start":{"line":104,"column":12},"end":{"line":108,"column":13}},"64":{"start":{"line":105,"column":16},"end":{"line":105,"column":68}},"65":{"start":{"line":107,"column":16},"end":{"line":107,"column":78}},"66":{"start":{"line":110,"column":12},"end":{"line":110,"column":28}},"67":{"start":{"line":111,"column":12},"end":{"line":111,"column":19}},"68":{"start":{"line":116,"column":4},"end":{"line":314,"column":6}},"69":{"start":{"line":160,"column":45},"end":{"line":160,"column":69}},"70":{"start":{"line":175,"column":45},"end":{"line":175,"column":72}},"71":{"start":{"line":205,"column":32},"end":{"line":205,"column":50}},"72":{"start":{"line":206,"column":32},"end":{"line":206,"column":47}},"73":{"start":{"line":230,"column":45},"end":{"line":230,"column":69}},"74":{"start":{"line":245,"column":45},"end":{"line":245,"column":72}},"75":{"start":{"line":260,"column":45},"end":{"line":260,"column":79}},"76":{"start":{"line":290,"column":32},"end":{"line":290,"column":49}},"77":{"start":{"line":291,"column":32},"end":{"line":291,"column":47}}},"fnMap":{"0":{"name":"(anonymous_0)","decl":{"start":{"line":6,"column":13},"end":{"line":6,"column":14}},"loc":{"start":{"line":6,"column":19},"end":{"line":315,"column":1}},"line":6},"1":{"name":"(anonymous_1)","decl":{"start":{"line":14,"column":25},"end":{"line":14,"column":26}},"loc":{"start":{"line":14,"column":37},"end":{"line":70,"column":5}},"line":14},"2":{"name":"(anonymous_2)","decl":{"start":{"line":72,"column":24},"end":{"line":72,"column":25}},"loc":{"start":{"line":72,"column":36},"end":{"line":114,"column":5}},"line":72},"3":{"name":"(anonymous_3)","decl":{"start":{"line":95,"column":34},"end":{"line":95,"column":35}},"loc":{"start":{"line":95,"column":47},"end":{"line":95,"column":71}},"line":95},"4":{"name":"(anonymous_4)","decl":{"start":{"line":160,"column":38},"end":{"line":160,"column":39}},"loc":{"start":{"line":160,"column":45},"end":{"line":160,"column":69}},"line":160},"5":{"name":"(anonymous_5)","decl":{"start":{"line":175,"column":38},"end":{"line":175,"column":39}},"loc":{"start":{"line":175,"column":45},"end":{"line":175,"column":72}},"line":175},"6":{"name":"(anonymous_6)","decl":{"start":{"line":204,"column":37},"end":{"line":204,"column":38}},"loc":{"start":{"line":204,"column":43},"end":{"line":207,"column":29}},"line":204},"7":{"name":"(anonymous_7)","decl":{"start":{"line":230,"column":38},"end":{"line":230,"column":39}},"loc":{"start":{"line":230,"column":45},"end":{"line":230,"column":69}},"line":230},"8":{"name":"(anonymous_8)","decl":{"start":{"line":245,"column":38},"end":{"line":245,"column":39}},"loc":{"start":{"line":245,"column":45},"end":{"line":245,"column":72}},"line":245},"9":{"name":"(anonymous_9)","decl":{"start":{"line":260,"column":38},"end":{"line":260,"column":39}},"loc":{"start":{"line":260,"column":45},"end":{"line":260,"column":79}},"line":260},"10":{"name":"(anonymous_10)","decl":{"start":{"line":289,"column":37},"end":{"line":289,"column":38}},"loc":{"start":{"line":289,"column":43},"end":{"line":292,"column":29}},"line":289}},"branchMap":{"0":{"loc":{"start":{"line":15,"column":8},"end":{"line":18,"column":9}},"type":"if","locations":[{"start":{"line":15,"column":8},"end":{"line":18,"column":9}},{"start":{},"end":{}}],"line":15},"1":{"loc":{"start":{"line":15,"column":12},"end":{"line":15,"column":69}},"type":"binary-expr","locations":[{"start":{"line":15,"column":12},"end":{"line":15,"column":24}},{"start":{"line":15,"column":28},"end":{"line":15,"column":43}},{"start":{"line":15,"column":47},"end":{"line":15,"column":69}}],"line":15},"2":{"loc":{"start":{"line":19,"column":8},"end":{"line":22,"column":9}},"type":"if","locations":[{"start":{"line":19,"column":8},"end":{"line":22,"column":9}},{"start":{},"end":{}}],"line":19},"3":{"loc":{"start":{"line":24,"column":8},"end":{"line":28,"column":9}},"type":"if","locations":[{"start":{"line":24,"column":8},"end":{"line":28,"column":9}},{"start":{},"end":{}}],"line":24},"4":{"loc":{"start":{"line":30,"column":8},"end":{"line":33,"column":9}},"type":"if","locations":[{"start":{"line":30,"column":8},"end":{"line":33,"column":9}},{"start":{},"end":{}}],"line":30},"5":{"loc":{"start":{"line":48,"column":12},"end":{"line":51,"column":13}},"type":"if","locations":[{"start":{"line":48,"column":12},"end":{"line":51,"column":13}},{"start":{},"end":{}}],"line":48},"6":{"loc":{"start":{"line":55,"column":12},"end":{"line":63,"column":13}},"type":"if","locations":[{"start":{"line":55,"column":12},"end":{"line":63,"column":13}},{"start":{"line":60,"column":19},"end":{"line":63,"column":13}}],"line":55},"7":{"loc":{"start":{"line":60,"column":19},"end":{"line":63,"column":13}},"type":"if","locations":[{"start":{"line":60,"column":19},"end":{"line":63,"column":13}},{"start":{},"end":{}}],"line":60},"8":{"loc":{"start":{"line":73,"column":8},"end":{"line":76,"column":9}},"type":"if","locations":[{"start":{"line":73,"column":8},"end":{"line":76,"column":9}},{"start":{},"end":{}}],"line":73},"9":{"loc":{"start":{"line":73,"column":12},"end":{"line":73,"column":43}},"type":"binary-expr","locations":[{"start":{"line":73,"column":12},"end":{"line":73,"column":24}},{"start":{"line":73,"column":28},"end":{"line":73,"column":43}}],"line":73},"10":{"loc":{"start":{"line":93,"column":12},"end":{"line":97,"column":13}},"type":"if","locations":[{"start":{"line":93,"column":12},"end":{"line":97,"column":13}},{"start":{},"end":{}}],"line":93},"11":{"loc":{"start":{"line":93,"column":16},"end":{"line":93,"column":54}},"type":"binary-expr","locations":[{"start":{"line":93,"column":16},"end":{"line":93,"column":30}},{"start":{"line":93,"column":34},"end":{"line":93,"column":54}}],"line":93},"12":{"loc":{"start":{"line":99,"column":12},"end":{"line":102,"column":13}},"type":"if","locations":[{"start":{"line":99,"column":12},"end":{"line":102,"column":13}},{"start":{},"end":{}}],"line":99},"13":{"loc":{"start":{"line":104,"column":12},"end":{"line":108,"column":13}},"type":"if","locations":[{"start":{"line":104,"column":12},"end":{"line":108,"column":13}},{"start":{"line":106,"column":19},"end":{"line":108,"column":13}}],"line":104},"14":{"loc":{"start":{"line":150,"column":17},"end":{"line":305,"column":17}},"type":"cond-expr","locations":[{"start":{"line":151,"column":20},"end":{"line":219,"column":23}},{"start":{"line":221,"column":20},"end":{"line":304,"column":23}}],"line":150},"15":{"loc":{"start":{"line":307,"column":17},"end":{"line":311,"column":17}},"type":"binary-expr","locations":[{"start":{"line":307,"column":17},"end":{"line":307,"column":24}},{"start":{"line":308,"column":20},"end":{"line":310,"column":24}}],"line":307}},"s":{"0":2,"1":588,"2":588,"3":588,"4":588,"5":588,"6":588,"7":588,"8":14,"9":2,"10":2,"11":12,"12":1,"13":1,"14":11,"15":1,"16":1,"17":10,"18":1,"19":1,"20":9,"21":9,"22":4,"23":5,"24":5,"25":1,"26":1,"27":4,"28":4,"29":2,"30":2,"31":2,"32":2,"33":2,"34":1,"35":1,"36":1,"37":1,"38":1,"39":1,"40":588,"41":9,"42":2,"43":2,"44":7,"45":7,"46":7,"47":7,"48":7,"49":3,"50":3,"51":4,"52":4,"53":4,"54":4,"55":4,"56":1,"57":1,"58":1,"59":0,"60":3,"61":0,"62":0,"63":3,"64":1,"65":2,"66":3,"67":3,"68":588,"69":90,"70":69,"71":15,"72":15,"73":185,"74":99,"75":90,"76":1,"77":1},"f":{"0":588,"1":14,"2":9,"3":1,"4":90,"5":69,"6":15,"7":185,"8":99,"9":90,"10":1},"b":{"0":[2,12],"1":[14,13,13],"2":[1,11],"3":[1,10],"4":[1,9],"5":[1,4],"6":[2,2],"7":[1,1],"8":[2,7],"9":[9,7],"10":[1,3],"11":[4,1],"12":[0,3],"13":[1,2],"14":[189,399],"15":[588,56]},"_coverageSchema":"1a1c01bbd47fc00a2c39e90264f33305004495a9","hash":"2cd9dc1b42ec846caa53363eee895bb40ead0d1e"}
,"/Users/byron/frontend/src/pages/chat/Chat.jsx": {"path":"/Users/byron/frontend/src/pages/chat/Chat.jsx","statementMap":{"0":{"start":{"line":11,"column":13},"end":{"line":152,"column":1}},"1":{"start":{"line":12,"column":28},"end":{"line":12,"column":48}},"2":{"start":{"line":13,"column":40},"end":{"line":13,"column":54}},"3":{"start":{"line":14,"column":42},"end":{"line":14,"column":56}},"4":{"start":{"line":15,"column":42},"end":{"line":15,"column":54}},"5":{"start":{"line":16,"column":21},"end":{"line":16,"column":34}},"6":{"start":{"line":18,"column":4},"end":{"line":30,"column":11}},"7":{"start":{"line":19,"column":21},"end":{"line":27,"column":9}},"8":{"start":{"line":20,"column":12},"end":{"line":26,"column":13}},"9":{"start":{"line":21,"column":33},"end":{"line":21,"column":75}},"10":{"start":{"line":22,"column":16},"end":{"line":22,"column":46}},"11":{"start":{"line":25,"column":16},"end":{"line":25,"column":35}},"12":{"start":{"line":29,"column":8},"end":{"line":29,"column":15}},"13":{"start":{"line":32,"column":4},"end":{"line":70,"column":22}},"14":{"start":{"line":33,"column":8},"end":{"line":35,"column":9}},"15":{"start":{"line":34,"column":12},"end":{"line":34,"column":19}},"16":{"start":{"line":37,"column":8},"end":{"line":39,"column":10}},"17":{"start":{"line":41,"column":27},"end":{"line":41,"column":32}},"18":{"start":{"line":43,"column":30},"end":{"line":46,"column":9}},"19":{"start":{"line":44,"column":12},"end":{"line":44,"column":32}},"20":{"start":{"line":45,"column":12},"end":{"line":45,"column":31}},"21":{"start":{"line":48,"column":35},"end":{"line":50,"column":9}},"22":{"start":{"line":49,"column":12},"end":{"line":49,"column":61}},"23":{"start":{"line":52,"column":33},"end":{"line":56,"column":9}},"24":{"start":{"line":53,"column":12},"end":{"line":55,"column":13}},"25":{"start":{"line":54,"column":16},"end":{"line":54,"column":65}},"26":{"start":{"line":58,"column":8},"end":{"line":58,"column":44}},"27":{"start":{"line":59,"column":8},"end":{"line":59,"column":55}},"28":{"start":{"line":60,"column":8},"end":{"line":60,"column":50}},"29":{"start":{"line":62,"column":8},"end":{"line":62,"column":25}},"30":{"start":{"line":64,"column":8},"end":{"line":69,"column":10}},"31":{"start":{"line":65,"column":12},"end":{"line":65,"column":49}},"32":{"start":{"line":66,"column":12},"end":{"line":66,"column":60}},"33":{"start":{"line":67,"column":12},"end":{"line":67,"column":55}},"34":{"start":{"line":68,"column":12},"end":{"line":68,"column":32}},"35":{"start":{"line":72,"column":29},"end":{"line":77,"column":5}},"36":{"start":{"line":73,"column":8},"end":{"line":76,"column":12}},"37":{"start":{"line":73,"column":41},"end":{"line":76,"column":9}},"38":{"start":{"line":79,"column":25},"end":{"line":88,"column":5}},"39":{"start":{"line":80,"column":8},"end":{"line":87,"column":9}},"40":{"start":{"line":81,"column":12},"end":{"line":81,"column":53}},"41":{"start":{"line":82,"column":12},"end":{"line":82,"column":30}},"42":{"start":{"line":85,"column":12},"end":{"line":85,"column":31}},"43":{"start":{"line":86,"column":12},"end":{"line":86,"column":54}},"44":{"start":{"line":90,"column":4},"end":{"line":92,"column":5}},"45":{"start":{"line":91,"column":8},"end":{"line":91,"column":36}},"46":{"start":{"line":96,"column":4},"end":{"line":140,"column":5}},"47":{"start":{"line":97,"column":8},"end":{"line":106,"column":10}},"48":{"start":{"line":99,"column":37},"end":{"line":99,"column":55}},"49":{"start":{"line":101,"column":20},"end":{"line":101,"column":43}},"50":{"start":{"line":102,"column":20},"end":{"line":102,"column":39}},"51":{"start":{"line":104,"column":37},"end":{"line":104,"column":55}},"52":{"start":{"line":109,"column":9},"end":{"line":140,"column":5}},"53":{"start":{"line":110,"column":8},"end":{"line":118,"column":10}},"54":{"start":{"line":112,"column":32},"end":{"line":112,"column":51}},"55":{"start":{"line":114,"column":20},"end":{"line":114,"column":43}},"56":{"start":{"line":115,"column":20},"end":{"line":115,"column":40}},"57":{"start":{"line":121,"column":9},"end":{"line":140,"column":5}},"58":{"start":{"line":122,"column":8},"end":{"line":128,"column":10}},"59":{"start":{"line":126,"column":32},"end":{"line":126,"column":51}},"60":{"start":{"line":131,"column":9},"end":{"line":140,"column":5}},"61":{"start":{"line":132,"column":8},"end":{"line":139,"column":10}},"62":{"start":{"line":135,"column":32},"end":{"line":135,"column":51}},"63":{"start":{"line":142,"column":4},"end":{"line":151,"column":6}}},"fnMap":{"0":{"name":"(anonymous_0)","decl":{"start":{"line":11,"column":13},"end":{"line":11,"column":14}},"loc":{"start":{"line":11,"column":19},"end":{"line":152,"column":1}},"line":11},"1":{"name":"(anonymous_1)","decl":{"start":{"line":18,"column":14},"end":{"line":18,"column":15}},"loc":{"start":{"line":18,"column":20},"end":{"line":30,"column":5}},"line":18},"2":{"name":"(anonymous_2)","decl":{"start":{"line":19,"column":21},"end":{"line":19,"column":22}},"loc":{"start":{"line":19,"column":33},"end":{"line":27,"column":9}},"line":19},"3":{"name":"(anonymous_3)","decl":{"start":{"line":32,"column":14},"end":{"line":32,"column":15}},"loc":{"start":{"line":32,"column":20},"end":{"line":70,"column":5}},"line":32},"4":{"name":"(anonymous_4)","decl":{"start":{"line":43,"column":30},"end":{"line":43,"column":31}},"loc":{"start":{"line":43,"column":36},"end":{"line":46,"column":9}},"line":43},"5":{"name":"(anonymous_5)","decl":{"start":{"line":48,"column":35},"end":{"line":48,"column":36}},"loc":{"start":{"line":48,"column":41},"end":{"line":50,"column":9}},"line":48},"6":{"name":"(anonymous_6)","decl":{"start":{"line":52,"column":33},"end":{"line":52,"column":34}},"loc":{"start":{"line":52,"column":39},"end":{"line":56,"column":9}},"line":52},"7":{"name":"(anonymous_7)","decl":{"start":{"line":64,"column":15},"end":{"line":64,"column":16}},"loc":{"start":{"line":64,"column":21},"end":{"line":69,"column":9}},"line":64},"8":{"name":"(anonymous_8)","decl":{"start":{"line":72,"column":29},"end":{"line":72,"column":30}},"loc":{"start":{"line":72,"column":47},"end":{"line":77,"column":5}},"line":72},"9":{"name":"(anonymous_9)","decl":{"start":{"line":73,"column":23},"end":{"line":73,"column":24}},"loc":{"start":{"line":73,"column":41},"end":{"line":76,"column":9}},"line":73},"10":{"name":"(anonymous_10)","decl":{"start":{"line":79,"column":25},"end":{"line":79,"column":26}},"loc":{"start":{"line":79,"column":37},"end":{"line":88,"column":5}},"line":79},"11":{"name":"(anonymous_11)","decl":{"start":{"line":99,"column":31},"end":{"line":99,"column":32}},"loc":{"start":{"line":99,"column":37},"end":{"line":99,"column":55}},"line":99},"12":{"name":"(anonymous_12)","decl":{"start":{"line":100,"column":31},"end":{"line":100,"column":32}},"loc":{"start":{"line":100,"column":44},"end":{"line":103,"column":17}},"line":100},"13":{"name":"(anonymous_13)","decl":{"start":{"line":104,"column":31},"end":{"line":104,"column":32}},"loc":{"start":{"line":104,"column":37},"end":{"line":104,"column":55}},"line":104},"14":{"name":"(anonymous_14)","decl":{"start":{"line":112,"column":26},"end":{"line":112,"column":27}},"loc":{"start":{"line":112,"column":32},"end":{"line":112,"column":51}},"line":112},"15":{"name":"(anonymous_15)","decl":{"start":{"line":113,"column":30},"end":{"line":113,"column":31}},"loc":{"start":{"line":113,"column":43},"end":{"line":116,"column":17}},"line":113},"16":{"name":"(anonymous_16)","decl":{"start":{"line":126,"column":26},"end":{"line":126,"column":27}},"loc":{"start":{"line":126,"column":32},"end":{"line":126,"column":51}},"line":126},"17":{"name":"(anonymous_17)","decl":{"start":{"line":135,"column":26},"end":{"line":135,"column":27}},"loc":{"start":{"line":135,"column":32},"end":{"line":135,"column":51}},"line":135}},"branchMap":{"0":{"loc":{"start":{"line":33,"column":8},"end":{"line":35,"column":9}},"type":"if","locations":[{"start":{"line":33,"column":8},"end":{"line":35,"column":9}},{"start":{},"end":{}}],"line":33},"1":{"loc":{"start":{"line":53,"column":12},"end":{"line":55,"column":13}},"type":"if","locations":[{"start":{"line":53,"column":12},"end":{"line":55,"column":13}},{"start":{},"end":{}}],"line":53},"2":{"loc":{"start":{"line":90,"column":4},"end":{"line":92,"column":5}},"type":"if","locations":[{"start":{"line":90,"column":4},"end":{"line":92,"column":5}},{"start":{},"end":{}}],"line":90},"3":{"loc":{"start":{"line":96,"column":4},"end":{"line":140,"column":5}},"type":"if","locations":[{"start":{"line":96,"column":4},"end":{"line":140,"column":5}},{"start":{"line":109,"column":9},"end":{"line":140,"column":5}}],"line":96},"4":{"loc":{"start":{"line":109,"column":9},"end":{"line":140,"column":5}},"type":"if","locations":[{"start":{"line":109,"column":9},"end":{"line":140,"column":5}},{"start":{"line":121,"column":9},"end":{"line":140,"column":5}}],"line":109},"5":{"loc":{"start":{"line":121,"column":9},"end":{"line":140,"column":5}},"type":"if","locations":[{"start":{"line":121,"column":9},"end":{"line":140,"column":5}},{"start":{"line":131,"column":9},"end":{"line":140,"column":5}}],"line":121},"6":{"loc":{"start":{"line":131,"column":9},"end":{"line":140,"column":5}},"type":"if","locations":[{"start":{"line":131,"column":9},"end":{"line":140,"column":5}},{"start":{},"end":{}}],"line":131},"7":{"loc":{"start":{"line":144,"column":13},"end":{"line":148,"column":13}},"type":"binary-expr","locations":[{"start":{"line":144,"column":13},"end":{"line":144,"column":24}},{"start":{"line":144,"column":28},"end":{"line":144,"column":46}},{"start":{"line":145,"column":16},"end":{"line":147,"column":22}}],"line":144}},"s":{"0":4,"1":112,"2":112,"3":112,"4":112,"5":112,"6":112,"7":34,"8":34,"9":34,"10":33,"11":1,"12":34,"13":112,"14":69,"15":34,"16":35,"17":35,"18":35,"19":1,"20":1,"21":35,"22":1,"23":35,"24":1,"25":1,"26":35,"27":35,"28":35,"29":35,"30":35,"31":35,"32":35,"33":35,"34":35,"35":112,"36":3,"37":3,"38":112,"39":4,"40":4,"41":2,"42":2,"43":2,"44":112,"45":34,"46":78,"47":44,"48":7,"49":10,"50":10,"51":10,"52":34,"53":7,"54":2,"55":4,"56":4,"57":27,"58":14,"59":5,"60":13,"61":13,"62":2,"63":78},"f":{"0":112,"1":34,"2":34,"3":69,"4":1,"5":1,"6":1,"7":35,"8":3,"9":3,"10":4,"11":7,"12":10,"13":10,"14":2,"15":4,"16":5,"17":2},"b":{"0":[34,35],"1":[1,0],"2":[34,78],"3":[44,34],"4":[7,27],"5":[14,13],"6":[13,0],"7":[78,2,2]},"_coverageSchema":"1a1c01bbd47fc00a2c39e90264f33305004495a9","hash":"d4e0c089f71ed9f549d94f4ede8ada3a971c4c33"}
,"/Users/byron/frontend/src/pages/chat/ChatList.jsx": {"path":"/Users/byron/frontend/src/pages/chat/ChatList.jsx","statementMap":{"0":{"start":{"line":5,"column":17},"end":{"line":219,"column":1}},"1":{"start":{"line":6,"column":36},"end":{"line":6,"column":48}},"2":{"start":{"line":8,"column":4},"end":{"line":23,"column":11}},"3":{"start":{"line":9,"column":28},"end":{"line":20,"column":9}},"4":{"start":{"line":10,"column":12},"end":{"line":19,"column":13}},"5":{"start":{"line":11,"column":33},"end":{"line":11,"column":73}},"6":{"start":{"line":12,"column":42},"end":{"line":15,"column":19}},"7":{"start":{"line":12,"column":90},"end":{"line":15,"column":17}},"8":{"start":{"line":16,"column":16},"end":{"line":16,"column":47}},"9":{"start":{"line":18,"column":16},"end":{"line":18,"column":35}},"10":{"start":{"line":22,"column":8},"end":{"line":22,"column":22}},"11":{"start":{"line":25,"column":25},"end":{"line":40,"column":5}},"12":{"start":{"line":26,"column":33},"end":{"line":26,"column":93}},"13":{"start":{"line":27,"column":8},"end":{"line":29,"column":9}},"14":{"start":{"line":28,"column":12},"end":{"line":28,"column":19}},"15":{"start":{"line":31,"column":8},"end":{"line":39,"column":9}},"16":{"start":{"line":32,"column":12},"end":{"line":32,"column":75}},"17":{"start":{"line":33,"column":12},"end":{"line":35,"column":14}},"18":{"start":{"line":34,"column":16},"end":{"line":34,"column":70}},"19":{"start":{"line":34,"column":45},"end":{"line":34,"column":69}},"20":{"start":{"line":38,"column":12},"end":{"line":38,"column":31}},"21":{"start":{"line":42,"column":4},"end":{"line":218,"column":6}},"22":{"start":{"line":127,"column":20},"end":{"line":129,"column":39}},"23":{"start":{"line":131,"column":38},"end":{"line":138,"column":18}},"24":{"start":{"line":140,"column":16},"end":{"line":215,"column":18}},"25":{"start":{"line":155,"column":43},"end":{"line":155,"column":65}},"26":{"start":{"line":165,"column":33},"end":{"line":165,"column":82}},"27":{"start":{"line":168,"column":33},"end":{"line":168,"column":82}},"28":{"start":{"line":201,"column":47},"end":{"line":201,"column":71}}},"fnMap":{"0":{"name":"(anonymous_0)","decl":{"start":{"line":5,"column":17},"end":{"line":5,"column":18}},"loc":{"start":{"line":5,"column":70},"end":{"line":219,"column":1}},"line":5},"1":{"name":"(anonymous_1)","decl":{"start":{"line":8,"column":14},"end":{"line":8,"column":15}},"loc":{"start":{"line":8,"column":20},"end":{"line":23,"column":5}},"line":8},"2":{"name":"(anonymous_2)","decl":{"start":{"line":9,"column":28},"end":{"line":9,"column":29}},"loc":{"start":{"line":9,"column":40},"end":{"line":20,"column":9}},"line":9},"3":{"name":"(anonymous_3)","decl":{"start":{"line":12,"column":69},"end":{"line":12,"column":70}},"loc":{"start":{"line":12,"column":90},"end":{"line":15,"column":17}},"line":12},"4":{"name":"(anonymous_4)","decl":{"start":{"line":25,"column":25},"end":{"line":25,"column":26}},"loc":{"start":{"line":25,"column":46},"end":{"line":40,"column":5}},"line":25},"5":{"name":"(anonymous_5)","decl":{"start":{"line":33,"column":24},"end":{"line":33,"column":25}},"loc":{"start":{"line":34,"column":16},"end":{"line":34,"column":70}},"line":34},"6":{"name":"(anonymous_6)","decl":{"start":{"line":34,"column":32},"end":{"line":34,"column":33}},"loc":{"start":{"line":34,"column":45},"end":{"line":34,"column":69}},"line":34},"7":{"name":"(anonymous_7)","decl":{"start":{"line":125,"column":26},"end":{"line":125,"column":27}},"loc":{"start":{"line":125,"column":39},"end":{"line":216,"column":13}},"line":125},"8":{"name":"(anonymous_8)","decl":{"start":{"line":155,"column":37},"end":{"line":155,"column":38}},"loc":{"start":{"line":155,"column":43},"end":{"line":155,"column":65}},"line":155},"9":{"name":"(anonymous_9)","decl":{"start":{"line":164,"column":42},"end":{"line":164,"column":43}},"loc":{"start":{"line":165,"column":33},"end":{"line":165,"column":82}},"line":165},"10":{"name":"(anonymous_10)","decl":{"start":{"line":167,"column":42},"end":{"line":167,"column":43}},"loc":{"start":{"line":168,"column":33},"end":{"line":168,"column":82}},"line":168},"11":{"name":"(anonymous_11)","decl":{"start":{"line":201,"column":41},"end":{"line":201,"column":42}},"loc":{"start":{"line":201,"column":47},"end":{"line":201,"column":71}},"line":201}},"branchMap":{"0":{"loc":{"start":{"line":27,"column":8},"end":{"line":29,"column":9}},"type":"if","locations":[{"start":{"line":27,"column":8},"end":{"line":29,"column":9}},{"start":{},"end":{}}],"line":27},"1":{"loc":{"start":{"line":119,"column":13},"end":{"line":123,"column":13}},"type":"binary-expr","locations":[{"start":{"line":119,"column":13},"end":{"line":119,"column":34}},{"start":{"line":120,"column":16},"end":{"line":122,"column":20}}],"line":119},"2":{"loc":{"start":{"line":127,"column":20},"end":{"line":129,"column":39}},"type":"cond-expr","locations":[{"start":{"line":128,"column":26},"end":{"line":128,"column":80}},{"start":{"line":129,"column":26},"end":{"line":129,"column":39}}],"line":127},"3":{"loc":{"start":{"line":127,"column":20},"end":{"line":127,"column":57}},"type":"binary-expr","locations":[{"start":{"line":127,"column":20},"end":{"line":127,"column":37}},{"start":{"line":127,"column":41},"end":{"line":127,"column":57}}],"line":127},"4":{"loc":{"start":{"line":128,"column":29},"end":{"line":128,"column":52}},"type":"binary-expr","locations":[{"start":{"line":128,"column":29},"end":{"line":128,"column":46}},{"start":{"line":128,"column":50},"end":{"line":128,"column":52}}],"line":128},"5":{"loc":{"start":{"line":128,"column":56},"end":{"line":128,"column":78}},"type":"binary-expr","locations":[{"start":{"line":128,"column":56},"end":{"line":128,"column":72}},{"start":{"line":128,"column":76},"end":{"line":128,"column":78}}],"line":128}},"s":{"0":4,"1":60,"2":60,"3":30,"4":30,"5":30,"6":29,"7":26,"8":28,"9":2,"10":30,"11":60,"12":4,"13":4,"14":1,"15":3,"16":3,"17":3,"18":3,"19":5,"20":0,"21":60,"22":28,"23":28,"24":28,"25":9,"26":9,"27":0,"28":4},"f":{"0":60,"1":30,"2":30,"3":26,"4":4,"5":3,"6":5,"7":28,"8":9,"9":9,"10":0,"11":4},"b":{"0":[1,3],"1":[60,42],"2":[26,2],"3":[28,2],"4":[26,0],"5":[26,0]},"_coverageSchema":"1a1c01bbd47fc00a2c39e90264f33305004495a9","hash":"6733dc8dbb04e0c3f53c1f85b212f5d896a02eca"}
,"/Users/byron/frontend/src/pages/chat/ChatRoom.jsx": {"path":"/Users/byron/frontend/src/pages/chat/ChatRoom.jsx","statementMap":{"0":{"start":{"line":6,"column":17},"end":{"line":279,"column":1}},"1":{"start":{"line":7,"column":34},"end":{"line":7,"column":46}},"2":{"start":{"line":8,"column":38},"end":{"line":8,"column":50}},"3":{"start":{"line":9,"column":42},"end":{"line":9,"column":54}},"4":{"start":{"line":10,"column":20},"end":{"line":10,"column":32}},"5":{"start":{"line":12,"column":24},"end":{"line":12,"column":27}},"6":{"start":{"line":14,"column":2},"end":{"line":36,"column":19}},"7":{"start":{"line":15,"column":24},"end":{"line":33,"column":5}},"8":{"start":{"line":16,"column":6},"end":{"line":32,"column":7}},"9":{"start":{"line":17,"column":25},"end":{"line":20,"column":9}},"10":{"start":{"line":22,"column":26},"end":{"line":27,"column":11}},"11":{"start":{"line":22,"column":93},"end":{"line":27,"column":9}},"12":{"start":{"line":29,"column":8},"end":{"line":29,"column":31}},"13":{"start":{"line":31,"column":8},"end":{"line":31,"column":27}},"14":{"start":{"line":35,"column":4},"end":{"line":35,"column":18}},"15":{"start":{"line":38,"column":2},"end":{"line":59,"column":19}},"16":{"start":{"line":39,"column":28},"end":{"line":52,"column":5}},"17":{"start":{"line":40,"column":28},"end":{"line":45,"column":8}},"18":{"start":{"line":40,"column":68},"end":{"line":45,"column":7}},"19":{"start":{"line":47,"column":24},"end":{"line":47,"column":46}},"20":{"start":{"line":49,"column":6},"end":{"line":51,"column":7}},"21":{"start":{"line":50,"column":8},"end":{"line":50,"column":68}},"22":{"start":{"line":50,"column":38},"end":{"line":50,"column":66}},"23":{"start":{"line":54,"column":4},"end":{"line":54,"column":48}},"24":{"start":{"line":56,"column":4},"end":{"line":58,"column":6}},"25":{"start":{"line":57,"column":6},"end":{"line":57,"column":52}},"26":{"start":{"line":61,"column":2},"end":{"line":65,"column":17}},"27":{"start":{"line":62,"column":4},"end":{"line":64,"column":5}},"28":{"start":{"line":63,"column":6},"end":{"line":63,"column":67}},"29":{"start":{"line":67,"column":2},"end":{"line":69,"column":9}},"30":{"start":{"line":68,"column":4},"end":{"line":68,"column":26}},"31":{"start":{"line":71,"column":24},"end":{"line":91,"column":3}},"32":{"start":{"line":72,"column":4},"end":{"line":74,"column":5}},"33":{"start":{"line":73,"column":6},"end":{"line":73,"column":13}},"34":{"start":{"line":76,"column":4},"end":{"line":76,"column":24}},"35":{"start":{"line":78,"column":4},"end":{"line":81,"column":5}},"36":{"start":{"line":79,"column":8},"end":{"line":79,"column":88}},"37":{"start":{"line":80,"column":6},"end":{"line":80,"column":13}},"38":{"start":{"line":83,"column":4},"end":{"line":88,"column":7}},"39":{"start":{"line":90,"column":4},"end":{"line":90,"column":22}},"40":{"start":{"line":93,"column":2},"end":{"line":278,"column":4}},"41":{"start":{"line":183,"column":32},"end":{"line":183,"column":68}},"42":{"start":{"line":185,"column":32},"end":{"line":192,"column":12}},"43":{"start":{"line":194,"column":10},"end":{"line":229,"column":12}},"44":{"start":{"line":244,"column":27},"end":{"line":244,"column":56}}},"fnMap":{"0":{"name":"(anonymous_0)","decl":{"start":{"line":6,"column":17},"end":{"line":6,"column":18}},"loc":{"start":{"line":6,"column":56},"end":{"line":279,"column":1}},"line":6},"1":{"name":"(anonymous_1)","decl":{"start":{"line":14,"column":12},"end":{"line":14,"column":13}},"loc":{"start":{"line":14,"column":18},"end":{"line":36,"column":3}},"line":14},"2":{"name":"(anonymous_2)","decl":{"start":{"line":15,"column":24},"end":{"line":15,"column":25}},"loc":{"start":{"line":15,"column":36},"end":{"line":33,"column":5}},"line":15},"3":{"name":"(anonymous_3)","decl":{"start":{"line":22,"column":53},"end":{"line":22,"column":54}},"loc":{"start":{"line":22,"column":93},"end":{"line":27,"column":9}},"line":22},"4":{"name":"(anonymous_4)","decl":{"start":{"line":38,"column":12},"end":{"line":38,"column":13}},"loc":{"start":{"line":38,"column":18},"end":{"line":59,"column":3}},"line":38},"5":{"name":"(anonymous_5)","decl":{"start":{"line":39,"column":28},"end":{"line":39,"column":29}},"loc":{"start":{"line":39,"column":41},"end":{"line":52,"column":5}},"line":39},"6":{"name":"(anonymous_6)","decl":{"start":{"line":40,"column":28},"end":{"line":40,"column":29}},"loc":{"start":{"line":40,"column":68},"end":{"line":45,"column":7}},"line":40},"7":{"name":"(anonymous_7)","decl":{"start":{"line":50,"column":20},"end":{"line":50,"column":21}},"loc":{"start":{"line":50,"column":38},"end":{"line":50,"column":66}},"line":50},"8":{"name":"(anonymous_8)","decl":{"start":{"line":56,"column":11},"end":{"line":56,"column":12}},"loc":{"start":{"line":56,"column":17},"end":{"line":58,"column":5}},"line":56},"9":{"name":"(anonymous_9)","decl":{"start":{"line":61,"column":12},"end":{"line":61,"column":13}},"loc":{"start":{"line":61,"column":18},"end":{"line":65,"column":3}},"line":61},"10":{"name":"(anonymous_10)","decl":{"start":{"line":67,"column":12},"end":{"line":67,"column":13}},"loc":{"start":{"line":67,"column":18},"end":{"line":69,"column":3}},"line":67},"11":{"name":"(anonymous_11)","decl":{"start":{"line":71,"column":24},"end":{"line":71,"column":25}},"loc":{"start":{"line":71,"column":30},"end":{"line":91,"column":3}},"line":71},"12":{"name":"(anonymous_12)","decl":{"start":{"line":182,"column":22},"end":{"line":182,"column":23}},"loc":{"start":{"line":182,"column":35},"end":{"line":230,"column":9}},"line":182},"13":{"name":"(anonymous_13)","decl":{"start":{"line":244,"column":20},"end":{"line":244,"column":21}},"loc":{"start":{"line":244,"column":27},"end":{"line":244,"column":56}},"line":244}},"branchMap":{"0":{"loc":{"start":{"line":49,"column":6},"end":{"line":51,"column":7}},"type":"if","locations":[{"start":{"line":49,"column":6},"end":{"line":51,"column":7}},{"start":{},"end":{}}],"line":49},"1":{"loc":{"start":{"line":49,"column":10},"end":{"line":49,"column":85}},"type":"binary-expr","locations":[{"start":{"line":49,"column":10},"end":{"line":49,"column":44}},{"start":{"line":49,"column":48},"end":{"line":49,"column":85}}],"line":49},"2":{"loc":{"start":{"line":62,"column":4},"end":{"line":64,"column":5}},"type":"if","locations":[{"start":{"line":62,"column":4},"end":{"line":64,"column":5}},{"start":{},"end":{}}],"line":62},"3":{"loc":{"start":{"line":72,"column":4},"end":{"line":74,"column":5}},"type":"if","locations":[{"start":{"line":72,"column":4},"end":{"line":74,"column":5}},{"start":{},"end":{}}],"line":72},"4":{"loc":{"start":{"line":78,"column":4},"end":{"line":81,"column":5}},"type":"if","locations":[{"start":{"line":78,"column":4},"end":{"line":81,"column":5}},{"start":{},"end":{}}],"line":78},"5":{"loc":{"start":{"line":155,"column":9},"end":{"line":159,"column":25}},"type":"cond-expr","locations":[{"start":{"line":156,"column":12},"end":{"line":156,"column":24}},{"start":{"line":157,"column":12},"end":{"line":159,"column":25}}],"line":155},"6":{"loc":{"start":{"line":157,"column":12},"end":{"line":159,"column":25}},"type":"cond-expr","locations":[{"start":{"line":158,"column":12},"end":{"line":158,"column":66}},{"start":{"line":159,"column":12},"end":{"line":159,"column":25}}],"line":157},"7":{"loc":{"start":{"line":157,"column":13},"end":{"line":157,"column":50}},"type":"binary-expr","locations":[{"start":{"line":157,"column":13},"end":{"line":157,"column":30}},{"start":{"line":157,"column":34},"end":{"line":157,"column":50}}],"line":157},"8":{"loc":{"start":{"line":158,"column":15},"end":{"line":158,"column":38}},"type":"binary-expr","locations":[{"start":{"line":158,"column":15},"end":{"line":158,"column":32}},{"start":{"line":158,"column":36},"end":{"line":158,"column":38}}],"line":158},"9":{"loc":{"start":{"line":158,"column":42},"end":{"line":158,"column":64}},"type":"binary-expr","locations":[{"start":{"line":158,"column":42},"end":{"line":158,"column":58}},{"start":{"line":158,"column":62},"end":{"line":158,"column":64}}],"line":158},"10":{"loc":{"start":{"line":176,"column":9},"end":{"line":180,"column":9}},"type":"binary-expr","locations":[{"start":{"line":176,"column":9},"end":{"line":176,"column":30}},{"start":{"line":177,"column":10},"end":{"line":179,"column":16}}],"line":176},"11":{"loc":{"start":{"line":200,"column":28},"end":{"line":200,"column":69}},"type":"cond-expr","locations":[{"start":{"line":200,"column":44},"end":{"line":200,"column":54}},{"start":{"line":200,"column":57},"end":{"line":200,"column":69}}],"line":200},"12":{"loc":{"start":{"line":218,"column":35},"end":{"line":218,"column":72}},"type":"cond-expr","locations":[{"start":{"line":218,"column":51},"end":{"line":218,"column":60}},{"start":{"line":218,"column":63},"end":{"line":218,"column":72}}],"line":218},"13":{"loc":{"start":{"line":219,"column":25},"end":{"line":219,"column":58}},"type":"cond-expr","locations":[{"start":{"line":219,"column":41},"end":{"line":219,"column":48}},{"start":{"line":219,"column":51},"end":{"line":219,"column":58}}],"line":219},"14":{"loc":{"start":{"line":271,"column":7},"end":{"line":275,"column":7}},"type":"binary-expr","locations":[{"start":{"line":271,"column":7},"end":{"line":271,"column":19}},{"start":{"line":272,"column":8},"end":{"line":274,"column":14}}],"line":271}},"s":{"0":4,"1":1072,"2":1072,"3":1072,"4":1072,"5":1072,"6":1072,"7":28,"8":28,"9":28,"10":27,"11":8,"12":27,"13":1,"14":28,"15":1072,"16":28,"17":3,"18":3,"19":3,"20":3,"21":2,"22":2,"23":28,"24":28,"25":28,"26":1072,"27":54,"28":54,"29":1072,"30":28,"31":1072,"32":5,"33":1,"34":4,"35":4,"36":1,"37":1,"38":3,"39":3,"40":1072,"41":10,"42":10,"43":10,"44":1014},"f":{"0":1072,"1":28,"2":28,"3":8,"4":28,"5":3,"6":3,"7":2,"8":28,"9":54,"10":28,"11":5,"12":10,"13":1014},"b":{"0":[2,1],"1":[3,1],"2":[54,0],"3":[1,4],"4":[1,3],"5":[1046,26],"6":[24,2],"7":[26,2],"8":[24,0],"9":[24,0],"10":[1072,1064],"11":[2,8],"12":[2,8],"13":[2,8],"14":[1072,1]},"_coverageSchema":"1a1c01bbd47fc00a2c39e90264f33305004495a9","hash":"ee360566a59a7dd9e2bb4da2b6ce2f338f5744f7"}
,"/Users/byron/frontend/src/pages/chat/NewChat.jsx": {"path":"/Users/byron/frontend/src/pages/chat/NewChat.jsx","statementMap":{"0":{"start":{"line":5,"column":16},"end":{"line":180,"column":1}},"1":{"start":{"line":6,"column":34},"end":{"line":6,"column":46}},"2":{"start":{"line":7,"column":38},"end":{"line":7,"column":50}},"3":{"start":{"line":9,"column":23},"end":{"line":33,"column":3}},"4":{"start":{"line":10,"column":4},"end":{"line":10,"column":24}},"5":{"start":{"line":12,"column":4},"end":{"line":15,"column":5}},"6":{"start":{"line":13,"column":6},"end":{"line":13,"column":22}},"7":{"start":{"line":14,"column":6},"end":{"line":14,"column":13}},"8":{"start":{"line":17,"column":4},"end":{"line":32,"column":5}},"9":{"start":{"line":18,"column":23},"end":{"line":21,"column":7}},"10":{"start":{"line":23,"column":32},"end":{"line":27,"column":9}},"11":{"start":{"line":23,"column":71},"end":{"line":27,"column":7}},"12":{"start":{"line":29,"column":6},"end":{"line":29,"column":37}},"13":{"start":{"line":31,"column":6},"end":{"line":31,"column":25}},"14":{"start":{"line":35,"column":2},"end":{"line":179,"column":4}},"15":{"start":{"line":101,"column":27},"end":{"line":101,"column":55}},"16":{"start":{"line":129,"column":26},"end":{"line":129,"column":40}},"17":{"start":{"line":131,"column":10},"end":{"line":175,"column":12}},"18":{"start":{"line":134,"column":29},"end":{"line":134,"column":50}},"19":{"start":{"line":147,"column":17},"end":{"line":147,"column":66}},"20":{"start":{"line":150,"column":17},"end":{"line":150,"column":64}}},"fnMap":{"0":{"name":"(anonymous_0)","decl":{"start":{"line":5,"column":16},"end":{"line":5,"column":17}},"loc":{"start":{"line":5,"column":48},"end":{"line":180,"column":1}},"line":5},"1":{"name":"(anonymous_1)","decl":{"start":{"line":9,"column":23},"end":{"line":9,"column":24}},"loc":{"start":{"line":9,"column":39},"end":{"line":33,"column":3}},"line":9},"2":{"name":"(anonymous_2)","decl":{"start":{"line":23,"column":59},"end":{"line":23,"column":60}},"loc":{"start":{"line":23,"column":71},"end":{"line":27,"column":7}},"line":23},"3":{"name":"(anonymous_3)","decl":{"start":{"line":101,"column":20},"end":{"line":101,"column":21}},"loc":{"start":{"line":101,"column":27},"end":{"line":101,"column":55}},"line":101},"4":{"name":"(anonymous_4)","decl":{"start":{"line":128,"column":22},"end":{"line":128,"column":23}},"loc":{"start":{"line":128,"column":42},"end":{"line":176,"column":9}},"line":128},"5":{"name":"(anonymous_5)","decl":{"start":{"line":134,"column":23},"end":{"line":134,"column":24}},"loc":{"start":{"line":134,"column":29},"end":{"line":134,"column":50}},"line":134},"6":{"name":"(anonymous_6)","decl":{"start":{"line":146,"column":28},"end":{"line":146,"column":29}},"loc":{"start":{"line":147,"column":17},"end":{"line":147,"column":66}},"line":147},"7":{"name":"(anonymous_7)","decl":{"start":{"line":149,"column":28},"end":{"line":149,"column":29}},"loc":{"start":{"line":150,"column":17},"end":{"line":150,"column":64}},"line":150}},"branchMap":{"0":{"loc":{"start":{"line":12,"column":4},"end":{"line":15,"column":5}},"type":"if","locations":[{"start":{"line":12,"column":4},"end":{"line":15,"column":5}},{"start":{},"end":{}}],"line":12},"1":{"loc":{"start":{"line":25,"column":17},"end":{"line":25,"column":40}},"type":"binary-expr","locations":[{"start":{"line":25,"column":17},"end":{"line":25,"column":34}},{"start":{"line":25,"column":38},"end":{"line":25,"column":40}}],"line":25},"2":{"loc":{"start":{"line":25,"column":44},"end":{"line":25,"column":66}},"type":"binary-expr","locations":[{"start":{"line":25,"column":44},"end":{"line":25,"column":60}},{"start":{"line":25,"column":64},"end":{"line":25,"column":66}}],"line":25},"3":{"loc":{"start":{"line":122,"column":9},"end":{"line":126,"column":9}},"type":"binary-expr","locations":[{"start":{"line":122,"column":9},"end":{"line":122,"column":33}},{"start":{"line":122,"column":37},"end":{"line":122,"column":58}},{"start":{"line":123,"column":10},"end":{"line":125,"column":16}}],"line":122},"4":{"loc":{"start":{"line":142,"column":18},"end":{"line":144,"column":28}},"type":"cond-expr","locations":[{"start":{"line":143,"column":22},"end":{"line":143,"column":41}},{"start":{"line":144,"column":22},"end":{"line":144,"column":28}}],"line":142},"5":{"loc":{"start":{"line":160,"column":17},"end":{"line":160,"column":55}},"type":"cond-expr","locations":[{"start":{"line":160,"column":27},"end":{"line":160,"column":39}},{"start":{"line":160,"column":42},"end":{"line":160,"column":55}}],"line":160},"6":{"loc":{"start":{"line":164,"column":15},"end":{"line":173,"column":15}},"type":"binary-expr","locations":[{"start":{"line":164,"column":15},"end":{"line":164,"column":22}},{"start":{"line":165,"column":16},"end":{"line":172,"column":22}}],"line":164}},"s":{"0":4,"1":36,"2":36,"3":36,"4":13,"5":13,"6":2,"7":2,"8":11,"9":11,"10":10,"11":7,"12":10,"13":1,"14":36,"15":13,"16":7,"17":7,"18":4,"19":4,"20":0},"f":{"0":36,"1":13,"2":7,"3":13,"4":7,"5":4,"6":4,"7":0},"b":{"0":[2,11],"1":[7,0],"2":[7,0],"3":[36,21,14],"4":[0,7],"5":[6,1],"6":[7,6]},"_coverageSchema":"1a1c01bbd47fc00a2c39e90264f33305004495a9","hash":"9c551a6dd27176cb0a342f469d930799effcfa7a"}
,"/Users/byron/frontend/src/pages/chat/Profile.jsx": {"path":"/Users/byron/frontend/src/pages/chat/Profile.jsx","statementMap":{"0":{"start":{"line":5,"column":16},"end":{"line":264,"column":1}},"1":{"start":{"line":6,"column":40},"end":{"line":6,"column":55}},"2":{"start":{"line":7,"column":38},"end":{"line":7,"column":50}},"3":{"start":{"line":8,"column":36},"end":{"line":8,"column":48}},"4":{"start":{"line":9,"column":34},"end":{"line":9,"column":46}},"5":{"start":{"line":11,"column":4},"end":{"line":14,"column":22}},"6":{"start":{"line":12,"column":8},"end":{"line":12,"column":50}},"7":{"start":{"line":13,"column":8},"end":{"line":13,"column":48}},"8":{"start":{"line":16,"column":32},"end":{"line":41,"column":5}},"9":{"start":{"line":17,"column":8},"end":{"line":20,"column":9}},"10":{"start":{"line":18,"column":12},"end":{"line":18,"column":59}},"11":{"start":{"line":19,"column":12},"end":{"line":19,"column":19}},"12":{"start":{"line":22,"column":8},"end":{"line":40,"column":9}},"13":{"start":{"line":23,"column":29},"end":{"line":26,"column":14}},"14":{"start":{"line":28,"column":12},"end":{"line":28,"column":39}},"15":{"start":{"line":29,"column":12},"end":{"line":29,"column":33}},"16":{"start":{"line":32,"column":12},"end":{"line":32,"column":31}},"17":{"start":{"line":33,"column":27},"end":{"line":33,"column":49}},"18":{"start":{"line":35,"column":12},"end":{"line":39,"column":13}},"19":{"start":{"line":36,"column":16},"end":{"line":36,"column":63}},"20":{"start":{"line":38,"column":16},"end":{"line":38,"column":63}},"21":{"start":{"line":43,"column":21},"end":{"line":45,"column":12}},"22":{"start":{"line":47,"column":4},"end":{"line":263,"column":6}},"23":{"start":{"line":155,"column":37},"end":{"line":155,"column":65}},"24":{"start":{"line":168,"column":37},"end":{"line":168,"column":64}},"25":{"start":{"line":204,"column":24},"end":{"line":204,"column":66}},"26":{"start":{"line":205,"column":24},"end":{"line":205,"column":64}},"27":{"start":{"line":206,"column":24},"end":{"line":206,"column":39}},"28":{"start":{"line":207,"column":24},"end":{"line":207,"column":45}},"29":{"start":{"line":232,"column":31},"end":{"line":232,"column":50}}},"fnMap":{"0":{"name":"(anonymous_0)","decl":{"start":{"line":5,"column":16},"end":{"line":5,"column":17}},"loc":{"start":{"line":5,"column":71},"end":{"line":264,"column":1}},"line":5},"1":{"name":"(anonymous_1)","decl":{"start":{"line":11,"column":14},"end":{"line":11,"column":15}},"loc":{"start":{"line":11,"column":20},"end":{"line":14,"column":5}},"line":11},"2":{"name":"(anonymous_2)","decl":{"start":{"line":16,"column":32},"end":{"line":16,"column":33}},"loc":{"start":{"line":16,"column":44},"end":{"line":41,"column":5}},"line":16},"3":{"name":"(anonymous_3)","decl":{"start":{"line":155,"column":30},"end":{"line":155,"column":31}},"loc":{"start":{"line":155,"column":37},"end":{"line":155,"column":65}},"line":155},"4":{"name":"(anonymous_4)","decl":{"start":{"line":168,"column":30},"end":{"line":168,"column":31}},"loc":{"start":{"line":168,"column":37},"end":{"line":168,"column":64}},"line":168},"5":{"name":"(anonymous_5)","decl":{"start":{"line":203,"column":33},"end":{"line":203,"column":34}},"loc":{"start":{"line":203,"column":39},"end":{"line":208,"column":25}},"line":203},"6":{"name":"(anonymous_6)","decl":{"start":{"line":232,"column":25},"end":{"line":232,"column":26}},"loc":{"start":{"line":232,"column":31},"end":{"line":232,"column":50}},"line":232}},"branchMap":{"0":{"loc":{"start":{"line":12,"column":21},"end":{"line":12,"column":48}},"type":"binary-expr","locations":[{"start":{"line":12,"column":21},"end":{"line":12,"column":42}},{"start":{"line":12,"column":46},"end":{"line":12,"column":48}}],"line":12},"1":{"loc":{"start":{"line":13,"column":20},"end":{"line":13,"column":46}},"type":"binary-expr","locations":[{"start":{"line":13,"column":20},"end":{"line":13,"column":40}},{"start":{"line":13,"column":44},"end":{"line":13,"column":46}}],"line":13},"2":{"loc":{"start":{"line":17,"column":8},"end":{"line":20,"column":9}},"type":"if","locations":[{"start":{"line":17,"column":8},"end":{"line":20,"column":9}},{"start":{},"end":{}}],"line":17},"3":{"loc":{"start":{"line":17,"column":12},"end":{"line":17,"column":49}},"type":"binary-expr","locations":[{"start":{"line":17,"column":12},"end":{"line":17,"column":29}},{"start":{"line":17,"column":33},"end":{"line":17,"column":49}}],"line":17},"4":{"loc":{"start":{"line":35,"column":12},"end":{"line":39,"column":13}},"type":"if","locations":[{"start":{"line":35,"column":12},"end":{"line":39,"column":13}},{"start":{"line":37,"column":19},"end":{"line":39,"column":13}}],"line":35},"5":{"loc":{"start":{"line":43,"column":21},"end":{"line":45,"column":12}},"type":"cond-expr","locations":[{"start":{"line":44,"column":10},"end":{"line":44,"column":36}},{"start":{"line":45,"column":10},"end":{"line":45,"column":12}}],"line":43},"6":{"loc":{"start":{"line":43,"column":21},"end":{"line":43,"column":42}},"type":"binary-expr","locations":[{"start":{"line":43,"column":21},"end":{"line":43,"column":30}},{"start":{"line":43,"column":34},"end":{"line":43,"column":42}}],"line":43},"7":{"loc":{"start":{"line":107,"column":13},"end":{"line":117,"column":13}},"type":"binary-expr","locations":[{"start":{"line":107,"column":13},"end":{"line":107,"column":21}},{"start":{"line":108,"column":16},"end":{"line":116,"column":22}}],"line":107},"8":{"loc":{"start":{"line":129,"column":13},"end":{"line":140,"column":13}},"type":"binary-expr","locations":[{"start":{"line":129,"column":13},"end":{"line":129,"column":20}},{"start":{"line":130,"column":12},"end":{"line":139,"column":18}}],"line":129},"9":{"loc":{"start":{"line":142,"column":13},"end":{"line":261,"column":13}},"type":"cond-expr","locations":[{"start":{"line":143,"column":12},"end":{"line":220,"column":18}},{"start":{"line":222,"column":12},"end":{"line":260,"column":18}}],"line":142},"10":{"loc":{"start":{"line":204,"column":37},"end":{"line":204,"column":64}},"type":"binary-expr","locations":[{"start":{"line":204,"column":37},"end":{"line":204,"column":58}},{"start":{"line":204,"column":62},"end":{"line":204,"column":64}}],"line":204},"11":{"loc":{"start":{"line":205,"column":36},"end":{"line":205,"column":62}},"type":"binary-expr","locations":[{"start":{"line":205,"column":36},"end":{"line":205,"column":56}},{"start":{"line":205,"column":60},"end":{"line":205,"column":62}}],"line":205}},"s":{"0":4,"1":108,"2":108,"3":108,"4":108,"5":108,"6":18,"7":18,"8":108,"9":7,"10":1,"11":1,"12":6,"13":6,"14":4,"15":4,"16":2,"17":2,"18":2,"19":1,"20":1,"21":108,"22":108,"23":31,"24":24,"25":1,"26":1,"27":1,"28":1,"29":11},"f":{"0":108,"1":18,"2":7,"3":31,"4":24,"5":1,"6":11},"b":{"0":[18,0],"1":[18,0],"2":[1,6],"3":[7,6],"4":[1,1],"5":[74,34],"6":[108,83],"7":[108,74],"8":[108,3],"9":[69,39],"10":[1,0],"11":[1,0]},"_coverageSchema":"1a1c01bbd47fc00a2c39e90264f33305004495a9","hash":"dc3b7f95577edccbfafffd74a30b6717e3951b18"}
}
