TN:
SF:src/lib/socket.js
FNF:0
FNH:0
DA:4,2
LF:1
LH:1
BRF:0
BRH:0
end_of_record
TN:
SF:src/pages/auth/Auth.jsx
FN:6,(anonymous_0)
FN:14,(anonymous_1)
FN:72,(anonymous_2)
FN:95,(anonymous_3)
FN:160,(anonymous_4)
FN:175,(anonymous_5)
FN:204,(anonymous_6)
FN:230,(anonymous_7)
FN:245,(anonymous_8)
FN:260,(anonymous_9)
FN:289,(anonymous_10)
FNF:11
FNH:11
FNDA:588,(anonymous_0)
FNDA:14,(anonymous_1)
FNDA:9,(anonymous_2)
FNDA:1,(anonymous_3)
FNDA:90,(anonymous_4)
FNDA:69,(anonymous_5)
FNDA:15,(anonymous_6)
FNDA:185,(anonymous_7)
FNDA:99,(anonymous_8)
FNDA:90,(anonymous_9)
FNDA:1,(anonymous_10)
DA:6,2
DA:7,588
DA:8,588
DA:9,588
DA:10,588
DA:11,588
DA:12,588
DA:14,588
DA:15,14
DA:16,2
DA:17,2
DA:19,12
DA:20,1
DA:21,1
DA:24,11
DA:25,1
DA:27,1
DA:30,10
DA:31,1
DA:32,1
DA:35,9
DA:36,9
DA:44,4
DA:46,5
DA:48,5
DA:49,1
DA:50,1
DA:53,4
DA:55,4
DA:56,2
DA:57,2
DA:58,2
DA:59,2
DA:60,2
DA:61,1
DA:62,1
DA:65,1
DA:66,1
DA:67,1
DA:68,1
DA:72,588
DA:73,9
DA:74,2
DA:75,2
DA:78,7
DA:79,7
DA:81,7
DA:82,7
DA:83,7
DA:84,3
DA:85,3
DA:87,4
DA:88,4
DA:90,4
DA:91,4
DA:93,4
DA:94,1
DA:95,1
DA:96,0
DA:99,3
DA:100,0
DA:101,0
DA:104,3
DA:105,1
DA:107,2
DA:110,3
DA:111,3
DA:116,588
DA:160,90
DA:175,69
DA:205,15
DA:206,15
DA:230,185
DA:245,99
DA:260,90
DA:290,1
DA:291,1
LF:77
LH:74
BRDA:15,0,0,2
BRDA:15,0,1,12
BRDA:15,1,0,14
BRDA:15,1,1,13
BRDA:15,1,2,13
BRDA:19,2,0,1
BRDA:19,2,1,11
BRDA:24,3,0,1
BRDA:24,3,1,10
BRDA:30,4,0,1
BRDA:30,4,1,9
BRDA:48,5,0,1
BRDA:48,5,1,4
BRDA:55,6,0,2
BRDA:55,6,1,2
BRDA:60,7,0,1
BRDA:60,7,1,1
BRDA:73,8,0,2
BRDA:73,8,1,7
BRDA:73,9,0,9
BRDA:73,9,1,7
BRDA:93,10,0,1
BRDA:93,10,1,3
BRDA:93,11,0,4
BRDA:93,11,1,1
BRDA:99,12,0,0
BRDA:99,12,1,3
BRDA:104,13,0,1
BRDA:104,13,1,2
BRDA:150,14,0,189
BRDA:150,14,1,399
BRDA:307,15,0,588
BRDA:307,15,1,56
BRF:33
BRH:32
end_of_record
TN:
SF:src/pages/chat/Chat.jsx
FN:11,(anonymous_0)
FN:18,(anonymous_1)
FN:19,(anonymous_2)
FN:32,(anonymous_3)
FN:43,(anonymous_4)
FN:48,(anonymous_5)
FN:52,(anonymous_6)
FN:64,(anonymous_7)
FN:72,(anonymous_8)
FN:73,(anonymous_9)
FN:79,(anonymous_10)
FN:99,(anonymous_11)
FN:100,(anonymous_12)
FN:104,(anonymous_13)
FN:112,(anonymous_14)
FN:113,(anonymous_15)
FN:126,(anonymous_16)
FN:135,(anonymous_17)
FNF:18
FNH:18
FNDA:112,(anonymous_0)
FNDA:34,(anonymous_1)
FNDA:34,(anonymous_2)
FNDA:69,(anonymous_3)
FNDA:1,(anonymous_4)
FNDA:1,(anonymous_5)
FNDA:1,(anonymous_6)
FNDA:35,(anonymous_7)
FNDA:3,(anonymous_8)
FNDA:3,(anonymous_9)
FNDA:4,(anonymous_10)
FNDA:7,(anonymous_11)
FNDA:10,(anonymous_12)
FNDA:10,(anonymous_13)
FNDA:2,(anonymous_14)
FNDA:4,(anonymous_15)
FNDA:5,(anonymous_16)
FNDA:2,(anonymous_17)
DA:11,4
DA:12,112
DA:13,112
DA:14,112
DA:15,112
DA:16,112
DA:18,112
DA:19,34
DA:20,34
DA:21,34
DA:22,33
DA:25,1
DA:29,34
DA:32,112
DA:33,69
DA:34,34
DA:37,35
DA:41,35
DA:43,35
DA:44,1
DA:45,1
DA:48,35
DA:49,1
DA:52,35
DA:53,1
DA:54,1
DA:58,35
DA:59,35
DA:60,35
DA:62,35
DA:64,35
DA:65,35
DA:66,35
DA:67,35
DA:68,35
DA:72,112
DA:73,3
DA:79,112
DA:80,4
DA:81,4
DA:82,2
DA:85,2
DA:86,2
DA:90,112
DA:91,34
DA:96,78
DA:97,44
DA:99,7
DA:101,10
DA:102,10
DA:104,10
DA:109,34
DA:110,7
DA:112,2
DA:114,4
DA:115,4
DA:121,27
DA:122,14
DA:126,5
DA:131,13
DA:132,13
DA:135,2
DA:142,78
LF:63
LH:63
BRDA:33,0,0,34
BRDA:33,0,1,35
BRDA:53,1,0,1
BRDA:53,1,1,0
BRDA:90,2,0,34
BRDA:90,2,1,78
BRDA:96,3,0,44
BRDA:96,3,1,34
BRDA:109,4,0,7
BRDA:109,4,1,27
BRDA:121,5,0,14
BRDA:121,5,1,13
BRDA:131,6,0,13
BRDA:131,6,1,0
BRDA:144,7,0,78
BRDA:144,7,1,2
BRDA:144,7,2,2
BRF:17
BRH:15
end_of_record
TN:
SF:src/pages/chat/ChatList.jsx
FN:5,(anonymous_0)
FN:8,(anonymous_1)
FN:9,(anonymous_2)
FN:12,(anonymous_3)
FN:25,(anonymous_4)
FN:33,(anonymous_5)
FN:34,(anonymous_6)
FN:125,(anonymous_7)
FN:155,(anonymous_8)
FN:164,(anonymous_9)
FN:167,(anonymous_10)
FN:201,(anonymous_11)
FNF:12
FNH:11
FNDA:60,(anonymous_0)
FNDA:30,(anonymous_1)
FNDA:30,(anonymous_2)
FNDA:26,(anonymous_3)
FNDA:4,(anonymous_4)
FNDA:3,(anonymous_5)
FNDA:5,(anonymous_6)
FNDA:28,(anonymous_7)
FNDA:9,(anonymous_8)
FNDA:9,(anonymous_9)
FNDA:0,(anonymous_10)
FNDA:4,(anonymous_11)
DA:5,4
DA:6,60
DA:8,60
DA:9,30
DA:10,30
DA:11,30
DA:12,29
DA:16,28
DA:18,2
DA:22,30
DA:25,60
DA:26,4
DA:27,4
DA:28,1
DA:31,3
DA:32,3
DA:33,3
DA:34,5
DA:38,0
DA:42,60
DA:127,28
DA:131,28
DA:140,28
DA:155,9
DA:165,9
DA:168,0
DA:201,4
LF:27
LH:25
BRDA:27,0,0,1
BRDA:27,0,1,3
BRDA:119,1,0,60
BRDA:119,1,1,42
BRDA:127,2,0,26
BRDA:127,2,1,2
BRDA:127,3,0,28
BRDA:127,3,1,2
BRDA:128,4,0,26
BRDA:128,4,1,0
BRDA:128,5,0,26
BRDA:128,5,1,0
BRF:12
BRH:10
end_of_record
TN:
SF:src/pages/chat/ChatRoom.jsx
FN:6,(anonymous_0)
FN:14,(anonymous_1)
FN:15,(anonymous_2)
FN:22,(anonymous_3)
FN:38,(anonymous_4)
FN:39,(anonymous_5)
FN:40,(anonymous_6)
FN:50,(anonymous_7)
FN:56,(anonymous_8)
FN:61,(anonymous_9)
FN:67,(anonymous_10)
FN:71,(anonymous_11)
FN:182,(anonymous_12)
FN:244,(anonymous_13)
FNF:14
FNH:14
FNDA:1072,(anonymous_0)
FNDA:28,(anonymous_1)
FNDA:28,(anonymous_2)
FNDA:8,(anonymous_3)
FNDA:28,(anonymous_4)
FNDA:3,(anonymous_5)
FNDA:3,(anonymous_6)
FNDA:2,(anonymous_7)
FNDA:28,(anonymous_8)
FNDA:54,(anonymous_9)
FNDA:28,(anonymous_10)
FNDA:5,(anonymous_11)
FNDA:10,(anonymous_12)
FNDA:1014,(anonymous_13)
DA:6,4
DA:7,1072
DA:8,1072
DA:9,1072
DA:10,1072
DA:12,1072
DA:14,1072
DA:15,28
DA:16,28
DA:17,28
DA:22,27
DA:29,27
DA:31,1
DA:35,28
DA:38,1072
DA:39,28
DA:40,3
DA:47,3
DA:49,3
DA:50,2
DA:54,28
DA:56,28
DA:57,28
DA:61,1072
DA:62,54
DA:63,54
DA:67,1072
DA:68,28
DA:71,1072
DA:72,5
DA:73,1
DA:76,4
DA:78,4
DA:79,1
DA:80,1
DA:83,3
DA:90,3
DA:93,1072
DA:183,10
DA:185,10
DA:194,10
DA:244,1014
LF:42
LH:42
BRDA:49,0,0,2
BRDA:49,0,1,1
BRDA:49,1,0,3
BRDA:49,1,1,1
BRDA:62,2,0,54
BRDA:62,2,1,0
BRDA:72,3,0,1
BRDA:72,3,1,4
BRDA:78,4,0,1
BRDA:78,4,1,3
BRDA:155,5,0,1046
BRDA:155,5,1,26
BRDA:157,6,0,24
BRDA:157,6,1,2
BRDA:157,7,0,26
BRDA:157,7,1,2
BRDA:158,8,0,24
BRDA:158,8,1,0
BRDA:158,9,0,24
BRDA:158,9,1,0
BRDA:176,10,0,1072
BRDA:176,10,1,1064
BRDA:200,11,0,2
BRDA:200,11,1,8
BRDA:218,12,0,2
BRDA:218,12,1,8
BRDA:219,13,0,2
BRDA:219,13,1,8
BRDA:271,14,0,1072
BRDA:271,14,1,1
BRF:30
BRH:27
end_of_record
TN:
SF:src/pages/chat/NewChat.jsx
FN:5,(anonymous_0)
FN:9,(anonymous_1)
FN:23,(anonymous_2)
FN:101,(anonymous_3)
FN:128,(anonymous_4)
FN:134,(anonymous_5)
FN:146,(anonymous_6)
FN:149,(anonymous_7)
FNF:8
FNH:7
FNDA:36,(anonymous_0)
FNDA:13,(anonymous_1)
FNDA:7,(anonymous_2)
FNDA:13,(anonymous_3)
FNDA:7,(anonymous_4)
FNDA:4,(anonymous_5)
FNDA:4,(anonymous_6)
FNDA:0,(anonymous_7)
DA:5,4
DA:6,36
DA:7,36
DA:9,36
DA:10,13
DA:12,13
DA:13,2
DA:14,2
DA:17,11
DA:18,11
DA:23,10
DA:29,10
DA:31,1
DA:35,36
DA:101,13
DA:129,7
DA:131,7
DA:134,4
DA:147,4
DA:150,0
LF:20
LH:19
BRDA:12,0,0,2
BRDA:12,0,1,11
BRDA:25,1,0,7
BRDA:25,1,1,0
BRDA:25,2,0,7
BRDA:25,2,1,0
BRDA:122,3,0,36
BRDA:122,3,1,21
BRDA:122,3,2,14
BRDA:142,4,0,0
BRDA:142,4,1,7
BRDA:160,5,0,6
BRDA:160,5,1,1
BRDA:164,6,0,7
BRDA:164,6,1,6
BRF:15
BRH:12
end_of_record
TN:
SF:src/pages/chat/Profile.jsx
FN:5,(anonymous_0)
FN:11,(anonymous_1)
FN:16,(anonymous_2)
FN:155,(anonymous_3)
FN:168,(anonymous_4)
FN:203,(anonymous_5)
FN:232,(anonymous_6)
FNF:7
FNH:7
FNDA:108,(anonymous_0)
FNDA:18,(anonymous_1)
FNDA:7,(anonymous_2)
FNDA:31,(anonymous_3)
FNDA:24,(anonymous_4)
FNDA:1,(anonymous_5)
FNDA:11,(anonymous_6)
DA:5,4
DA:6,108
DA:7,108
DA:8,108
DA:9,108
DA:11,108
DA:12,18
DA:13,18
DA:16,108
DA:17,7
DA:18,1
DA:19,1
DA:22,6
DA:23,6
DA:28,4
DA:29,4
DA:32,2
DA:33,2
DA:35,2
DA:36,1
DA:38,1
DA:43,108
DA:47,108
DA:155,31
DA:168,24
DA:204,1
DA:205,1
DA:206,1
DA:207,1
DA:232,11
LF:30
LH:30
BRDA:12,0,0,18
BRDA:12,0,1,0
BRDA:13,1,0,18
BRDA:13,1,1,0
BRDA:17,2,0,1
BRDA:17,2,1,6
BRDA:17,3,0,7
BRDA:17,3,1,6
BRDA:35,4,0,1
BRDA:35,4,1,1
BRDA:43,5,0,74
BRDA:43,5,1,34
BRDA:43,6,0,108
BRDA:43,6,1,83
BRDA:107,7,0,108
BRDA:107,7,1,74
BRDA:129,8,0,108
BRDA:129,8,1,3
BRDA:142,9,0,69
BRDA:142,9,1,39
BRDA:204,10,0,1
BRDA:204,10,1,0
BRDA:205,11,0,1
BRDA:205,11,1,0
BRF:24
BRH:20
end_of_record
